This is pdfTeX, Version 3.141592653-2.6-1.40.24 (TeX Live 2022/Debian) (preloaded format=pdflatex 2025.2.26)  14 MAR 2025 02:56
entering extended mode
 restricted \write18 enabled.
 %&-line parsing enabled.
**task_1.tex
(./task_1.tex
LaTeX2e <2022-11-01> patch level 1
L3 programming layer <2023-01-16>

! LaTeX Error: Missing \begin{document}.

See the LaTeX manual or LaTeX Companion for explanation.
Type  H <return>  for immediate help.
 ...                                              
                                                  
l.1 s
     s[a4paper, 12pt]{article}
? 
Missing character: There is no s in font nullfont!
Missing character: There is no s in font nullfont!
Missing character: There is no [ in font nullfont!
Missing character: There is no a in font nullfont!
Missing character: There is no 4 in font nullfont!
Missing character: There is no p in font nullfont!
Missing character: There is no a in font nullfont!
Missing character: There is no p in font nullfont!
Missing character: There is no e in font nullfont!
Missing character: There is no r in font nullfont!
Missing character: There is no , in font nullfont!
Missing character: There is no 1 in font nullfont!
Missing character: There is no 2 in font nullfont!
Missing character: There is no p in font nullfont!
Missing character: There is no t in font nullfont!
Missing character: There is no ] in font nullfont!
Missing character: There is no a in font nullfont!
Missing character: There is no r in font nullfont!
Missing character: There is no t in font nullfont!
Missing character: There is no i in font nullfont!
Missing character: There is no c in font nullfont!
Missing character: There is no l in font nullfont!
Missing character: There is no e in font nullfont!

! LaTeX Error: \usepackage before \documentclass.

See the LaTeX manual or LaTeX Companion for explanation.
Type  H <return>  for immediate help.
 ...                                              
                                                  
l.2 \usepackage{
                graphicx}
? 

! LaTeX Error: \usepackage before \documentclass.

See the LaTeX manual or LaTeX Companion for explanation.
Type  H <return>  for immediate help.
 ...                                              
                                                  
l.3 \usepackage[none]{
                      hyphenat}
? 

! LaTeX Error: \usepackage before \documentclass.

See the LaTeX manual or LaTeX Companion for explanation.
Type  H <return>  for immediate help.
 ...                                              
                                                  
l.4 \usepackage{
                listings}
? 

! LaTeX Error: \usepackage before \documentclass.

See the LaTeX manual or LaTeX Companion for explanation.
Type  H <return>  for immediate help.
 ...                                              
                                                  
l.5 \usepackage[english]{
                         babel}
? 

! LaTeX Error: \usepackage before \documentclass.

See the LaTeX manual or LaTeX Companion for explanation.
Type  H <return>  for immediate help.
 ...                                              
                                                  
l.6 \usepackage{
                caption}
? 

! LaTeX Error: \usepackage before \documentclass.

See the LaTeX manual or LaTeX Companion for explanation.
Type  H <return>  for immediate help.
 ...                                              
                                                  
l.7 \usepackage{
                hyperref}
? 

! LaTeX Error: \usepackage before \documentclass.

See the LaTeX manual or LaTeX Companion for explanation.
Type  H <return>  for immediate help.
 ...                                              
                                                  
l.8 \usepackage{
                booktabs}
? 

! LaTeX Error: \usepackage before \documentclass.

See the LaTeX manual or LaTeX Companion for explanation.
Type  H <return>  for immediate help.
 ...                                              
                                                  
l.9 \usepackage{
                array}
? 

! LaTeX Error: \usepackage before \documentclass.

See the LaTeX manual or LaTeX Companion for explanation.
Type  H <return>  for immediate help.
 ...                                              
                                                  
l.10 \usepackage{
                 amsmath}
? 

! LaTeX Error: \usepackage before \documentclass.

See the LaTeX manual or LaTeX Companion for explanation.
Type  H <return>  for immediate help.
 ...                                              
                                                  
l.11 \usepackage{
                 amssymb}
? 

! LaTeX Error: \usepackage before \documentclass.

See the LaTeX manual or LaTeX Companion for explanation.
Type  H <return>  for immediate help.
 ...                                              
                                                  
l.12 \usepackage{
                 xcolor}
? 

! LaTeX Error: \usepackage before \documentclass.

See the LaTeX manual or LaTeX Companion for explanation.
Type  H <return>  for immediate help.
 ...                                              
                                                  
l.13 \usepackage{
                 wrapfig}
? 

! LaTeX Error: \usepackage before \documentclass.

See the LaTeX manual or LaTeX Companion for explanation.
Type  H <return>  for immediate help.
 ...                                              
                                                  
l.14 \usepackage{
                 fancyhdr}
? 

! LaTeX Error: \usepackage before \documentclass.

See the LaTeX manual or LaTeX Companion for explanation.
Type  H <return>  for immediate help.
 ...                                              
                                                  
l.15 \usepackage[a4paper, margin=1in]{
                                      geometry}
? 

Overfull \hbox (20.0pt too wide) in paragraph at lines 1--16
[]
 []

! Undefined control sequence.
l.20 \lstset
            {
? 

! LaTeX Error: Missing \begin{document}.

See the LaTeX manual or LaTeX Companion for explanation.
Type  H <return>  for immediate help.
 ...                                              
                                                  
l.21   f
        rame=single,
? 
Missing character: There is no f in font nullfont!
Missing character: There is no r in font nullfont!
Missing character: There is no a in font nullfont!
Missing character: There is no m in font nullfont!
Missing character: There is no e in font nullfont!
Missing character: There is no = in font nullfont!
Missing character: There is no s in font nullfont!
Missing character: There is no i in font nullfont!
Missing character: There is no n in font nullfont!
Missing character: There is no g in font nullfont!
Missing character: There is no l in font nullfont!
Missing character: There is no e in font nullfont!
Missing character: There is no , in font nullfont!
Missing character: There is no b in font nullfont!
Missing character: There is no r in font nullfont!
Missing character: There is no e in font nullfont!
Missing character: There is no a in font nullfont!
Missing character: There is no k in font nullfont!
Missing character: There is no l in font nullfont!
Missing character: There is no i in font nullfont!
Missing character: There is no n in font nullfont!
Missing character: There is no e in font nullfont!
Missing character: There is no s in font nullfont!
Missing character: There is no = in font nullfont!
Missing character: There is no t in font nullfont!
Missing character: There is no r in font nullfont!
Missing character: There is no u in font nullfont!
Missing character: There is no e in font nullfont!

Overfull \hbox (20.0pt too wide) in paragraph at lines 21--24
[]
 []

(/usr/share/texlive/texmf-dist/tex/latex/l3backend/l3backend-pdftex.def
File: l3backend-pdftex.def 2023-01-16 L3 backend support: PDF output (pdfTeX)
\l__color_backend_stack_int=\count185
\l__pdf_internal_box=\box51
)
No file task_1.aux.
\openout1 = `task_1.aux'.

LaTeX Font Info:    Checking defaults for OML/cmm/m/it on input line 32.
LaTeX Font Info:    ... okay on input line 32.
LaTeX Font Info:    Checking defaults for OMS/cmsy/m/n on input line 32.
LaTeX Font Info:    ... okay on input line 32.
LaTeX Font Info:    Checking defaults for OT1/cmr/m/n on input line 32.
LaTeX Font Info:    ... okay on input line 32.
LaTeX Font Info:    Checking defaults for T1/cmr/m/n on input line 32.
LaTeX Font Info:    ... okay on input line 32.
LaTeX Font Info:    Checking defaults for TS1/cmr/m/n on input line 32.
LaTeX Font Info:    ... okay on input line 32.
LaTeX Font Info:    Checking defaults for OMX/cmex/m/n on input line 32.
LaTeX Font Info:    ... okay on input line 32.
LaTeX Font Info:    Checking defaults for U/cmr/m/n on input line 32.
LaTeX Font Info:    ... okay on input line 32.

! LaTeX Error: The font size command \normalsize is not defined:
               there is probably something wrong with the class file.

See the LaTeX manual or LaTeX Companion for explanation.
Type  H <return>  for immediate help.
 ...                                              
                                                  
l.32     \begin{document}
                         
? 
! Undefined control sequence.
<recently read> \textcolor 
                           
l.35 ...textbf{\textcolor{blue}{\large CHAPTER-5}}
                                                   \\
? 
! Undefined control sequence.
<argument> \textcolor {blue}{\large 
                                    CHAPTER-5}
l.35 ...textbf{\textcolor{blue}{\large CHAPTER-5}}
                                                   \\
? 
! Undefined control sequence.
<recently read> \textcolor 
                           
l.37 ...textbf{\textcolor{blue}{\huge CONTINUITY}}
                                                  
? 
! Undefined control sequence.
<argument> \textcolor {blue}{\huge 
                                   CONTINUITY}
l.37 ...textbf{\textcolor{blue}{\huge CONTINUITY}}
                                                  
? 
! Undefined control sequence.
<recently read> \textcolor 
                           
l.39 ...      \textbf{\textcolor{blue}{\huge AND}}
                                                  
? 
! Undefined control sequence.
<argument> \textcolor {blue}{\huge 
                                   AND}
l.39 ...      \textbf{\textcolor{blue}{\huge AND}}
                                                  
? 
! Undefined control sequence.
<recently read> \textcolor 
                           
l.41 ...\textcolor{blue}{\huge DIFFERENTIABILITY}}
                                                  
? 
! Undefined control sequence.
<argument> \textcolor {blue}{\huge 
                                   DIFFERENTIABILITY}
l.41 ...\textcolor{blue}{\huge DIFFERENTIABILITY}}
                                                  
? 

! LaTeX Error: Environment quote undefined.

See the LaTeX manual or LaTeX Companion for explanation.
Type  H <return>  for immediate help.
 ...                                              
                                                  
l.45 				     \begin{quote}
                           
? 
! Undefined control sequence.
<recently read> \textcolor 
                           
l.46 ...than a refinement of everyday thinking."}}
                                                   \\
? 
! Undefined control sequence.
<argument> \textcolor {blue}{\large 
                                    "The whole of science is nothing more th...
l.46 ...than a refinement of everyday thinking."}}
                                                   \\
? 

! LaTeX Error: \begin{center} on input line 44 ended by \end{quote}.

See the LaTeX manual or LaTeX Companion for explanation.
Type  H <return>  for immediate help.
 ...                                              
                                                  
l.50 									     \end{quote}
                              
? 
! Undefined control sequence.
<argument> \undefinedpagestyle 
                               
l.53 									     \pagestyle{fancy}
                                    
? 
! Undefined control sequence.
l.54 									     \fancyhf
                           {} % Clear default settings
? 
! Undefined control sequence.
l.55 									     \fancyhead
                             [L]{MATHEMATICS} % Left header
? 
! Undefined control sequence.
l.56 									     \fancyhead
                             [C]{} % Center header (empty)
? 
! Undefined control sequence.
l.57 									     \fancyhead
                             [R]{\thepage} % Right header (Page number)
? 
! Undefined control sequence.
l.57 									     \fancyhead[R]{\thepage
                                         } % Right header (Page number)
? 
! Undefined control sequence.
l.58 									     \fancyfoot
                             [C]{2019-20} % Centered footer text
? 

! LaTeX Error: Command \headrulewidth undefined.

See the LaTeX manual or LaTeX Companion for explanation.
Type  H <return>  for immediate help.
 ...                                              
                                                  
l.59 									     \renewcommand{\headrulewidth}
                                                {0pt} % Remove header line
? 

! LaTeX Error: Command \footrulewidth undefined.

See the LaTeX manual or LaTeX Companion for explanation.
Type  H <return>  for immediate help.
 ...                                              
                                                  
l.60 									     \renewcommand{\footrulewidth}
                                                {0pt} % Remove footer line
? 
! Undefined control sequence.
<recently read> \textcolor 
                           
l.63 ...\textcolor{blue}{\large 5.1 Introduction}}
                                                  
? 
! Undefined control sequence.
<argument> \textcolor {blue}{\large 
                                    5.1 Introduction}
l.63 ...\textcolor{blue}{\large 5.1 Introduction}}
                                                  
? 

! LaTeX Error: Environment wrapfigure undefined.

See the LaTeX manual or LaTeX Companion for explanation.
Type  H <return>  for immediate help.
 ...                                              
                                                  
l.66 									     \begin{wrapfigure}
                                     {r}{0.2\textwidth}
? 
! Missing number, treated as zero.
<to be read again> 
                   }
l.66 ...	     \begin{wrapfigure}{r}{0.2\textwidth}
                                                  
? 
! Illegal unit of measure (pt inserted).
<to be read again> 
                   }
l.66 ...	     \begin{wrapfigure}{r}{0.2\textwidth}
                                                  
? 
! Undefined control sequence.
l.69 									     \includegraphics
                                   [ width=1\linewidth]{newton.jpg}
? 
! Missing number, treated as zero.
<to be read again> 
                   ]
l.69 ...	     \includegraphics[ width=1\linewidth]
                                                  {newton.jpg}
? 
! Illegal unit of measure (pt inserted).
<to be read again> 
                   ]
l.69 ...	     \includegraphics[ width=1\linewidth]
                                                  {newton.jpg}
? 

! LaTeX Error: \caption outside float.

See the LaTeX manual or LaTeX Companion for explanation.
Type  H <return>  for immediate help.
 ...                                              
                                                  
l.70 									     \caption
                           \textbf{Sir Isaac Newton (1642-1727)}
? 

! LaTeX Error: \begin{document} ended by \end{wrapfigure}.

See the LaTeX manual or LaTeX Companion for explanation.
Type  H <return>  for immediate help.
 ...                                              
                                                  
l.71 									     \end{wrapfigure}
                                   
? 
! Undefined control sequence.
<recently read> \textcolor 
                           
l.76 ... {\textcolor{blue}{\large 5.2 Continuity}}
                                                  
? 
! Undefined control sequence.
<argument> \textcolor {blue}{\large 
                                    5.2 Continuity}
l.76 ... {\textcolor{blue}{\large 5.2 Continuity}}
                                                  
? 
LaTeX Font Info:    External font `cmex10' loaded for size
(Font)              <7> on input line 81.
LaTeX Font Info:    External font `cmex10' loaded for size
(Font)              <5> on input line 81.
! Misplaced alignment tab character &.
l.85 									     1, &
                        \text{if } x \leq 0 \\
? 
! Undefined control sequence.
l.85 									     1, & \text
                             {if } x \leq 0 \\
? 
! Misplaced alignment tab character &.
l.86 									     2, &
                        \text{if } x > 0
? 
! Undefined control sequence.
l.86 									     2, & \text
                             {if } x > 0
? 

! LaTeX Error: Environment wrapfigure undefined.

See the LaTeX manual or LaTeX Companion for explanation.
Type  H <return>  for immediate help.
 ...                                              
                                                  
l.90 									     \begin{wrapfigure}
                                     {r}{0.4\textwidth}
? 
! Missing number, treated as zero.
<to be read again> 
                   }
l.90 ...	     \begin{wrapfigure}{r}{0.4\textwidth}
                                                  
? 
! Illegal unit of measure (pt inserted).
<to be read again> 
                   }
l.90 ...	     \begin{wrapfigure}{r}{0.4\textwidth}
                                                  
? 
! Undefined control sequence.
l.93 									     \includegraphics
                                   [ width=1\linewidth]{IMG_20250312_201905....

? 
! Missing number, treated as zero.
<to be read again> 
                   ]
l.93 ...	     \includegraphics[ width=1\linewidth]
                                                  {IMG_20250312_201905.jpg}
? 
! Illegal unit of measure (pt inserted).
<to be read again> 
                   ]
l.93 ...	     \includegraphics[ width=1\linewidth]
                                                  {IMG_20250312_201905.jpg}
? 
! Missing $ inserted.
<inserted text> 
                $
l.93 ... \includegraphics[ width=1\linewidth]{IMG_
                                                  20250312_201905.jpg}
? 
! Extra }, or forgotten $.
l.93 ...idth=1\linewidth]{IMG_20250312_201905.jpg}
                                                  
? 

! LaTeX Error: \caption outside float.

See the LaTeX manual or LaTeX Companion for explanation.
Type  H <return>  for immediate help.
 ...                                              
                                                  
l.94 									     \caption
                           \textbf{5.1 Graph of the function}
? 

! LaTeX Error: \begin{document} ended by \end{wrapfigure}.

See the LaTeX manual or LaTeX Companion for explanation.
Type  H <return>  for immediate help.
 ...                                              
                                                  
l.95 									     \end{wrapfigure}
                                   
? 
! Missing $ inserted.
<inserted text> 
                $
l.95 									     \end{wrapfigure}
                                   
? 
! Missing } inserted.
<inserted text> 
                }
l.95 									     \end{wrapfigure}
                                   
? 
! Misplaced alignment tab character &.
l.109 									     1, &
                         \text{if } x \neq 0 \\
? 
! Undefined control sequence.
l.109 									     1, & \text
                              {if } x \neq 0 \\
? 
! Misplaced alignment tab character &.
l.110 									     2, &
                         \text{if } x = 0
? 
! Undefined control sequence.
l.110 									     2, & \text
                              {if } x = 0
? 

! LaTeX Error: Environment wrapfigure undefined.

See the LaTeX manual or LaTeX Companion for explanation.
Type  H <return>  for immediate help.
 ...                                              
                                                  
l.114 									     \begin{wrapfigure}
                                      {r}{0.4\textwidth}
? 
! Missing number, treated as zero.
<to be read again> 
                   }
l.114 ...     \begin{wrapfigure}{r}{0.4\textwidth}
                                                  
? 
! Illegal unit of measure (pt inserted).
<to be read again> 
                   }
l.114 ...     \begin{wrapfigure}{r}{0.4\textwidth}
                                                  
? 
! Undefined control sequence.
l.117 									     \includegraphics
                                    [ width=1\linewidth]{IMG_20250312_185848...

? 
! Missing number, treated as zero.
<to be read again> 
                   ]
l.117 ...     \includegraphics[ width=1\linewidth]
                                                  {IMG_20250312_185848.jpg}
? 
! Illegal unit of measure (pt inserted).
<to be read again> 
                   ]
l.117 ...     \includegraphics[ width=1\linewidth]
                                                  {IMG_20250312_185848.jpg}
? 
! Missing $ inserted.
<inserted text> 
                $
l.117 ...\includegraphics[ width=1\linewidth]{IMG_
                                                  20250312_185848.jpg}
? 
! Extra }, or forgotten $.
l.117 ...dth=1\linewidth]{IMG_20250312_185848.jpg}
                                                  
? 

! LaTeX Error: \caption outside float.

See the LaTeX manual or LaTeX Companion for explanation.
Type  H <return>  for immediate help.
 ...                                              
                                                  
l.118 									     \caption
                            \textbf{5.1 Graph of the function}
? 

! LaTeX Error: \begin{document} ended by \end{wrapfigure}.

See the LaTeX manual or LaTeX Companion for explanation.
Type  H <return>  for immediate help.
 ...                                              
                                                  
l.119 									     \end{wrapfigure}
                                    
? 
! Missing $ inserted.
<inserted text> 
                $
l.119 									     \end{wrapfigure}
                                    
? 
! Missing } inserted.
<inserted text> 
                }
l.119 									     \end{wrapfigure}
                                    
? 
! Undefined control sequence.
<recently read> \textcolor 
                           
l.133 ...  \textbf{\textcolor{blue}{Definition 1}}
                                                   Suppose \( f \) is a real...

? 

! LaTeX Error: The font size command \normalsize is not defined:
               there is probably something wrong with the class file.

See the LaTeX manual or LaTeX Companion for explanation.
Type  H <return>  for immediate help.
 ...                                              
                                                  
l.143 												\end{document}
                                
? 
[1{/var/lib/texmf/fonts/map/pdftex/updmap/pdftex.map}] (./task_1.aux) ) 
Here is how much of TeX's memory you used:
 332 strings out of 476091
 6617 string characters out of 5794081
 1861330 words of memory out of 5000000
 20805 multiletter control sequences out of 15000+600000
 512941 words of font info for 34 fonts, out of 8000000 for 9000
 1141 hyphenation exceptions out of 8191
 103i,6n,103p,753b,150s stack positions out of 10000i,1000n,20000p,200000b,200000s
</usr/sh
are/texlive/texmf-dist/fonts/type1/public/amsfonts/cm/cmbx10.pfb></usr/share/te
xlive/texmf-dist/fonts/type1/public/amsfonts/cm/cmmi10.pfb></usr/share/texlive/
texmf-dist/fonts/type1/public/amsfonts/cm/cmmi7.pfb></usr/share/texlive/texmf-d
ist/fonts/type1/public/amsfonts/cm/cmr10.pfb></usr/share/texlive/texmf-dist/fon
ts/type1/public/amsfonts/cm/cmr7.pfb></usr/share/texlive/texmf-dist/fonts/type1
/public/amsfonts/cm/cmsy10.pfb></usr/share/texlive/texmf-dist/fonts/type1/publi
c/amsfonts/cm/cmsy7.pfb></usr/share/texlive/texmf-dist/fonts/type1/public/amsfo
nts/cm/cmti10.pfb>
Output written on task_1.pdf (1 page, 102225 bytes).
PDF statistics:
 48 PDF objects out of 1000 (max. 8388607)
 28 compressed objects within 1 object stream
 0 named destinations out of 1000 (max. 500000)
 1 words of extra memory for PDF output out of 10000 (max. 10000000)

